# JRE version: Java(TM) SE Runtime Environment (8.0_121-b13) (build 1.8.0_121-b13)
# Java VM: Java HotSpot(TM) 64-Bit Server VM (25.121-b13 mixed mode windows-amd64 compressed oops)
Heap:
 PSYoungGen      total 305664K, used 200859K [0x00000006eab00000, 0x0000000700000000, 0x00000007c0000000)
  eden space 262144K, 76% used [0x00000006eab00000,0x00000006f6f26f88,0x00000006fab00000)
  from space 43520K, 0% used [0x00000006fd580000,0x00000006fd580000,0x0000000700000000)
  to   space 43520K, 0% used [0x00000006fab00000,0x00000006fab00000,0x00000006fd580000)
 ParOldGen       total 876032K, used 31366K [0x0000000540000000, 0x0000000575780000, 0x00000006eab00000)
  object space 876032K, 3% used [0x0000000540000000,0x0000000541ea1920,0x0000000575780000)
 Metaspace       used 35873K, capacity 37632K, committed 37800K, reserved 1081344K
  class space    used 4711K, capacity 5034K, committed 5040K, reserved 1048576K
GC Heap History (8 events):
Event: 1.139 GC heap before
{Heap before GC invocations=1 (full 0):
 PSYoungGen      total 305664K, used 89166K [0x00000006eab00000, 0x0000000700000000, 0x00000007c0000000)
  eden space 262144K, 34% used [0x00000006eab00000,0x00000006f0213aa0,0x00000006fab00000)
  from space 43520K, 0% used [0x00000006fd580000,0x00000006fd580000,0x0000000700000000)
  to   space 43520K, 0% used [0x00000006fab00000,0x00000006fab00000,0x00000006fd580000)
 ParOldGen       total 699392K, used 0K [0x0000000540000000, 0x000000056ab00000, 0x00000006eab00000)
  object space 699392K, 0% used [0x0000000540000000,0x0000000540000000,0x000000056ab00000)
 Metaspace       used 20594K, capacity 21284K, committed 21296K, reserved 1067008K
  class space    used 2932K, capacity 3114K, committed 3120K, reserved 1048576K
Event: 1.145 GC heap after
Heap after GC invocations=1 (full 0):
 PSYoungGen      total 305664K, used 9353K [0x00000006eab00000, 0x0000000700000000, 0x00000007c0000000)
  eden space 262144K, 0% used [0x00000006eab00000,0x00000006eab00000,0x00000006fab00000)
  from space 43520K, 21% used [0x00000006fab00000,0x00000006fb422420,0x00000006fd580000)
  to   space 43520K, 0% used [0x00000006fd580000,0x00000006fd580000,0x0000000700000000)
 ParOldGen       total 699392K, used 88K [0x0000000540000000, 0x000000056ab00000, 0x00000006eab00000)
  object space 699392K, 0% used [0x0000000540000000,0x0000000540016010,0x000000056ab00000)
 Metaspace       used 20594K, capacity 21284K, committed 21296K, reserved 1067008K
  class space    used 2932K, capacity 3114K, committed 3120K, reserved 1048576K
}
Event: 1.145 GC heap before
{Heap before GC invocations=2 (full 1):
 PSYoungGen      total 305664K, used 9353K [0x00000006eab00000, 0x0000000700000000, 0x00000007c0000000)
  eden space 262144K, 0% used [0x00000006eab00000,0x00000006eab00000,0x00000006fab00000)
  from space 43520K, 21% used [0x00000006fab00000,0x00000006fb422420,0x00000006fd580000)
  to   space 43520K, 0% used [0x00000006fd580000,0x00000006fd580000,0x0000000700000000)
 ParOldGen       total 699392K, used 88K [0x0000000540000000, 0x000000056ab00000, 0x00000006eab00000)
  object space 699392K, 0% used [0x0000000540000000,0x0000000540016010,0x000000056ab00000)
 Metaspace       used 20594K, capacity 21284K, committed 21296K, reserved 1067008K
  class space    used 2932K, capacity 3114K, committed 3120K, reserved 1048576K
Event: 1.170 GC heap after
Heap after GC invocations=2 (full 1):
 PSYoungGen      total 305664K, used 0K [0x00000006eab00000, 0x0000000700000000, 0x00000007c0000000)
  eden space 262144K, 0% used [0x00000006eab00000,0x00000006eab00000,0x00000006fab00000)
  from space 43520K, 0% used [0x00000006fab00000,0x00000006fab00000,0x00000006fd580000)
  to   space 43520K, 0% used [0x00000006fd580000,0x00000006fd580000,0x0000000700000000)
 ParOldGen       total 699392K, used 9032K [0x0000000540000000, 0x000000056ab00000, 0x00000006eab00000)
  object space 699392K, 1% used [0x0000000540000000,0x00000005408d22d0,0x000000056ab00000)
 Metaspace       used 20594K, capacity 21284K, committed 21296K, reserved 1067008K
  class space    used 2932K, capacity 3114K, committed 3120K, reserved 1048576K
}
Event: 58.784 GC heap before
{Heap before GC invocations=3 (full 1):
 PSYoungGen      total 305664K, used 225242K [0x00000006eab00000, 0x0000000700000000, 0x00000007c0000000)
  eden space 262144K, 85% used [0x00000006eab00000,0x00000006f86f69c0,0x00000006fab00000)
  from space 43520K, 0% used [0x00000006fab00000,0x00000006fab00000,0x00000006fd580000)
  to   space 43520K, 0% used [0x00000006fd580000,0x00000006fd580000,0x0000000700000000)
 ParOldGen       total 699392K, used 9032K [0x0000000540000000, 0x000000056ab00000, 0x00000006eab00000)
  object space 699392K, 1% used [0x0000000540000000,0x00000005408d22d0,0x000000056ab00000)
 Metaspace       used 33639K, capacity 35322K, committed 35496K, reserved 1079296K
  class space    used 4479K, capacity 4777K, committed 4784K, reserved 1048576K
Event: 58.797 GC heap after
Heap after GC invocations=3 (full 1):
 PSYoungGen      total 305664K, used 25589K [0x00000006eab00000, 0x0000000700000000, 0x00000007c0000000)
  eden space 262144K, 0% used [0x00000006eab00000,0x00000006eab00000,0x00000006fab00000)
  from space 43520K, 58% used [0x00000006fd580000,0x00000006fee7d720,0x0000000700000000)
  to   space 43520K, 0% used [0x00000006fab00000,0x00000006fab00000,0x00000006fd580000)
 ParOldGen       total 699392K, used 9040K [0x0000000540000000, 0x000000056ab00000, 0x00000006eab00000)
  object space 699392K, 1% used [0x0000000540000000,0x00000005408d42d0,0x000000056ab00000)
 Metaspace       used 33639K, capacity 35322K, committed 35496K, reserved 1079296K
  class space    used 4479K, capacity 4777K, committed 4784K, reserved 1048576K
}
Event: 58.797 GC heap before
{Heap before GC invocations=4 (full 2):
 PSYoungGen      total 305664K, used 25589K [0x00000006eab00000, 0x0000000700000000, 0x00000007c0000000)
  eden space 262144K, 0% used [0x00000006eab00000,0x00000006eab00000,0x00000006fab00000)
  from space 43520K, 58% used [0x00000006fd580000,0x00000006fee7d720,0x0000000700000000)
  to   space 43520K, 0% used [0x00000006fab00000,0x00000006fab00000,0x00000006fd580000)
 ParOldGen       total 699392K, used 9040K [0x0000000540000000, 0x000000056ab00000, 0x00000006eab00000)
  object space 699392K, 1% used [0x0000000540000000,0x00000005408d42d0,0x000000056ab00000)
 Metaspace       used 33639K, capacity 35322K, committed 35496K, reserved 1079296K
  class space    used 4479K, capacity 4777K, committed 4784K, reserved 1048576K
Event: 58.849 GC heap after
Heap after GC invocations=4 (full 2):
 PSYoungGen      total 305664K, used 0K [0x00000006eab00000, 0x0000000700000000, 0x00000007c0000000)
  eden space 262144K, 0% used [0x00000006eab00000,0x00000006eab00000,0x00000006fab00000)
  from space 43520K, 0% used [0x00000006fd580000,0x00000006fd580000,0x0000000700000000)
  to   space 43520K, 0% used [0x00000006fab00000,0x00000006fab00000,0x00000006fd580000)
 ParOldGen       total 876032K, used 31366K [0x0000000540000000, 0x0000000575780000, 0x00000006eab00000)
  object space 876032K, 3% used [0x0000000540000000,0x0000000541ea1920,0x0000000575780000)
 Metaspace       used 33639K, capacity 35322K, committed 35496K, reserved 1079296K
  class space    used 4479K, capacity 4777K, committed 4784K, reserved 1048576K
}

