# JRE version: Java(TM) SE Runtime Environment (8.0_121-b13) (build 1.8.0_121-b13)
# Java VM: Java HotSpot(TM) 64-Bit Server VM (25.121-b13 mixed mode windows-amd64 compressed oops)
Heap:
 PSYoungGen      total 360448K, used 72237K [0x00000006eab00000, 0x0000000703580000, 0x00000007c0000000)
  eden space 316928K, 22% used [0x00000006eab00000,0x00000006ef18b5c0,0x00000006fe080000)
  from space 43520K, 0% used [0x00000006fe080000,0x00000006fe080000,0x0000000700b00000)
  to   space 43520K, 0% used [0x0000000700b00000,0x0000000700b00000,0x0000000703580000)
 ParOldGen       total 699392K, used 21914K [0x0000000540000000, 0x000000056ab00000, 0x00000006eab00000)
  object space 699392K, 3% used [0x0000000540000000,0x0000000541566b78,0x000000056ab00000)
 Metaspace       used 34837K, capacity 36518K, committed 36656K, reserved 1081344K
  class space    used 4743K, capacity 5053K, committed 5168K, reserved 1048576K
GC Heap History (10 events):
Event: 7.435 GC heap before
{Heap before GC invocations=6 (full 3):
 PSYoungGen      total 305664K, used 548K [0x00000006eab00000, 0x0000000703580000, 0x00000007c0000000)
  eden space 262144K, 0% used [0x00000006eab00000,0x00000006eab00000,0x00000006fab00000)
  from space 43520K, 1% used [0x00000006fab00000,0x00000006fab89088,0x00000006fd580000)
  to   space 43520K, 0% used [0x0000000700b00000,0x0000000700b00000,0x0000000703580000)
 ParOldGen       total 699392K, used 30681K [0x0000000540000000, 0x000000056ab00000, 0x00000006eab00000)
  object space 699392K, 4% used [0x0000000540000000,0x0000000541df6720,0x000000056ab00000)
 Metaspace       used 31536K, capacity 33104K, committed 33200K, reserved 1077248K
  class space    used 4428K, capacity 4732K, committed 4784K, reserved 1048576K
Event: 7.489 GC heap after
Heap after GC invocations=6 (full 3):
 PSYoungGen      total 305664K, used 0K [0x00000006eab00000, 0x0000000703580000, 0x00000007c0000000)
  eden space 262144K, 0% used [0x00000006eab00000,0x00000006eab00000,0x00000006fab00000)
  from space 43520K, 0% used [0x00000006fab00000,0x00000006fab00000,0x00000006fd580000)
  to   space 43520K, 0% used [0x0000000700b00000,0x0000000700b00000,0x0000000703580000)
 ParOldGen       total 699392K, used 22210K [0x0000000540000000, 0x000000056ab00000, 0x00000006eab00000)
  object space 699392K, 3% used [0x0000000540000000,0x00000005415b08d0,0x000000056ab00000)
 Metaspace       used 31536K, capacity 33104K, committed 33200K, reserved 1077248K
  class space    used 4428K, capacity 4732K, committed 4784K, reserved 1048576K
}
Event: 7.490 GC heap before
{Heap before GC invocations=7 (full 3):
 PSYoungGen      total 305664K, used 1048K [0x00000006eab00000, 0x0000000703580000, 0x00000007c0000000)
  eden space 262144K, 0% used [0x00000006eab00000,0x00000006eac062b0,0x00000006fab00000)
  from space 43520K, 0% used [0x00000006fab00000,0x00000006fab00000,0x00000006fd580000)
  to   space 43520K, 0% used [0x0000000700b00000,0x0000000700b00000,0x0000000703580000)
 ParOldGen       total 699392K, used 22210K [0x0000000540000000, 0x000000056ab00000, 0x00000006eab00000)
  object space 699392K, 3% used [0x0000000540000000,0x00000005415b08d0,0x000000056ab00000)
 Metaspace       used 31554K, capacity 33104K, committed 33200K, reserved 1077248K
  class space    used 4432K, capacity 4732K, committed 4784K, reserved 1048576K
Event: 7.491 GC heap after
Heap after GC invocations=7 (full 3):
 PSYoungGen      total 360448K, used 256K [0x00000006eab00000, 0x0000000703580000, 0x00000007c0000000)
  eden space 316928K, 0% used [0x00000006eab00000,0x00000006eab00000,0x00000006fe080000)
  from space 43520K, 0% used [0x0000000700b00000,0x0000000700b40000,0x0000000703580000)
  to   space 43520K, 0% used [0x00000006fe080000,0x00000006fe080000,0x0000000700b00000)
 ParOldGen       total 699392K, used 22210K [0x0000000540000000, 0x000000056ab00000, 0x00000006eab00000)
  object space 699392K, 3% used [0x0000000540000000,0x00000005415b08d0,0x000000056ab00000)
 Metaspace       used 31554K, capacity 33104K, committed 33200K, reserved 1077248K
  class space    used 4432K, capacity 4732K, committed 4784K, reserved 1048576K
}
Event: 7.491 GC heap before
{Heap before GC invocations=8 (full 4):
 PSYoungGen      total 360448K, used 256K [0x00000006eab00000, 0x0000000703580000, 0x00000007c0000000)
  eden space 316928K, 0% used [0x00000006eab00000,0x00000006eab00000,0x00000006fe080000)
  from space 43520K, 0% used [0x0000000700b00000,0x0000000700b40000,0x0000000703580000)
  to   space 43520K, 0% used [0x00000006fe080000,0x00000006fe080000,0x0000000700b00000)
 ParOldGen       total 699392K, used 22210K [0x0000000540000000, 0x000000056ab00000, 0x00000006eab00000)
  object space 699392K, 3% used [0x0000000540000000,0x00000005415b08d0,0x000000056ab00000)
 Metaspace       used 31554K, capacity 33104K, committed 33200K, reserved 1077248K
  class space    used 4432K, capacity 4732K, committed 4784K, reserved 1048576K
Event: 7.538 GC heap after
Heap after GC invocations=8 (full 4):
 PSYoungGen      total 360448K, used 0K [0x00000006eab00000, 0x0000000703580000, 0x00000007c0000000)
  eden space 316928K, 0% used [0x00000006eab00000,0x00000006eab00000,0x00000006fe080000)
  from space 43520K, 0% used [0x0000000700b00000,0x0000000700b00000,0x0000000703580000)
  to   space 43520K, 0% used [0x00000006fe080000,0x00000006fe080000,0x0000000700b00000)
 ParOldGen       total 699392K, used 21924K [0x0000000540000000, 0x000000056ab00000, 0x00000006eab00000)
  object space 699392K, 3% used [0x0000000540000000,0x0000000541569238,0x000000056ab00000)
 Metaspace       used 31554K, capacity 33104K, committed 33200K, reserved 1077248K
  class space    used 4432K, capacity 4732K, committed 4784K, reserved 1048576K
}
Event: 7.538 GC heap before
{Heap before GC invocations=9 (full 4):
 PSYoungGen      total 360448K, used 0K [0x00000006eab00000, 0x0000000703580000, 0x00000007c0000000)
  eden space 316928K, 0% used [0x00000006eab00000,0x00000006eab00000,0x00000006fe080000)
  from space 43520K, 0% used [0x0000000700b00000,0x0000000700b00000,0x0000000703580000)
  to   space 43520K, 0% used [0x00000006fe080000,0x00000006fe080000,0x0000000700b00000)
 ParOldGen       total 699392K, used 21924K [0x0000000540000000, 0x000000056ab00000, 0x00000006eab00000)
  object space 699392K, 3% used [0x0000000540000000,0x0000000541569238,0x000000056ab00000)
 Metaspace       used 31554K, capacity 33104K, committed 33200K, reserved 1077248K
  class space    used 4432K, capacity 4732K, committed 4784K, reserved 1048576K
Event: 7.539 GC heap after
Heap after GC invocations=9 (full 4):
 PSYoungGen      total 360448K, used 0K [0x00000006eab00000, 0x0000000703580000, 0x00000007c0000000)
  eden space 316928K, 0% used [0x00000006eab00000,0x00000006eab00000,0x00000006fe080000)
  from space 43520K, 0% used [0x00000006fe080000,0x00000006fe080000,0x0000000700b00000)
  to   space 43520K, 0% used [0x0000000700b00000,0x0000000700b00000,0x0000000703580000)
 ParOldGen       total 699392K, used 21924K [0x0000000540000000, 0x000000056ab00000, 0x00000006eab00000)
  object space 699392K, 3% used [0x0000000540000000,0x0000000541569238,0x000000056ab00000)
 Metaspace       used 31554K, capacity 33104K, committed 33200K, reserved 1077248K
  class space    used 4432K, capacity 4732K, committed 4784K, reserved 1048576K
}
Event: 7.539 GC heap before
{Heap before GC invocations=10 (full 5):
 PSYoungGen      total 360448K, used 0K [0x00000006eab00000, 0x0000000703580000, 0x00000007c0000000)
  eden space 316928K, 0% used [0x00000006eab00000,0x00000006eab00000,0x00000006fe080000)
  from space 43520K, 0% used [0x00000006fe080000,0x00000006fe080000,0x0000000700b00000)
  to   space 43520K, 0% used [0x0000000700b00000,0x0000000700b00000,0x0000000703580000)
 ParOldGen       total 699392K, used 21924K [0x0000000540000000, 0x000000056ab00000, 0x00000006eab00000)
  object space 699392K, 3% used [0x0000000540000000,0x0000000541569238,0x000000056ab00000)
 Metaspace       used 31554K, capacity 33104K, committed 33200K, reserved 1077248K
  class space    used 4432K, capacity 4732K, committed 4784K, reserved 1048576K
Event: 7.572 GC heap after
Heap after GC invocations=10 (full 5):
 PSYoungGen      total 360448K, used 0K [0x00000006eab00000, 0x0000000703580000, 0x00000007c0000000)
  eden space 316928K, 0% used [0x00000006eab00000,0x00000006eab00000,0x00000006fe080000)
  from space 43520K, 0% used [0x00000006fe080000,0x00000006fe080000,0x0000000700b00000)
  to   space 43520K, 0% used [0x0000000700b00000,0x0000000700b00000,0x0000000703580000)
 ParOldGen       total 699392K, used 21914K [0x0000000540000000, 0x000000056ab00000, 0x00000006eab00000)
  object space 699392K, 3% used [0x0000000540000000,0x0000000541566b78,0x000000056ab00000)
 Metaspace       used 31554K, capacity 33104K, committed 33200K, reserved 1077248K
  class space    used 4432K, capacity 4732K, committed 4784K, reserved 1048576K
}

