# JRE version: Java(TM) SE Runtime Environment (8.0_121-b13) (build 1.8.0_121-b13)
# Java VM: Java HotSpot(TM) 64-Bit Server VM (25.121-b13 mixed mode windows-amd64 compressed oops)
Heap:
 PSYoungGen      total 76288K, used 29297K [0x000000076b200000, 0x0000000774700000, 0x00000007c0000000)
  eden space 65536K, 44% used [0x000000076b200000,0x000000076ce9c5f0,0x000000076f200000)
  from space 10752K, 0% used [0x000000076fc80000,0x000000076fc80000,0x0000000770700000)
  to   space 10752K, 0% used [0x000000076f200000,0x000000076f200000,0x000000076fc80000)
 ParOldGen       total 113664K, used 12455K [0x00000006c1600000, 0x00000006c8500000, 0x000000076b200000)
  object space 113664K, 10% used [0x00000006c1600000,0x00000006c2229f08,0x00000006c8500000)
 Metaspace       used 22393K, capacity 24010K, committed 24192K, reserved 1071104K
  class space    used 3130K, capacity 3424K, committed 3456K, reserved 1048576K
GC Heap History (6 events):
Event: 1.304 GC heap before
{Heap before GC invocations=1 (full 0):
 PSYoungGen      total 76288K, used 65536K [0x000000076b200000, 0x0000000770700000, 0x00000007c0000000)
  eden space 65536K, 100% used [0x000000076b200000,0x000000076f200000,0x000000076f200000)
  from space 10752K, 0% used [0x000000076fc80000,0x000000076fc80000,0x0000000770700000)
  to   space 10752K, 0% used [0x000000076f200000,0x000000076f200000,0x000000076fc80000)
 ParOldGen       total 175104K, used 0K [0x00000006c1600000, 0x00000006cc100000, 0x000000076b200000)
  object space 175104K, 0% used [0x00000006c1600000,0x00000006c1600000,0x00000006cc100000)
 Metaspace       used 19430K, capacity 20702K, committed 20992K, reserved 1067008K
  class space    used 2809K, capacity 3032K, committed 3072K, reserved 1048576K
Event: 1.313 GC heap after
Heap after GC invocations=1 (full 0):
 PSYoungGen      total 76288K, used 10750K [0x000000076b200000, 0x0000000770700000, 0x00000007c0000000)
  eden space 65536K, 0% used [0x000000076b200000,0x000000076b200000,0x000000076f200000)
  from space 10752K, 99% used [0x000000076f200000,0x000000076fc7fba8,0x000000076fc80000)
  to   space 10752K, 0% used [0x000000076fc80000,0x000000076fc80000,0x0000000770700000)
 ParOldGen       total 175104K, used 190K [0x00000006c1600000, 0x00000006cc100000, 0x000000076b200000)
  object space 175104K, 0% used [0x00000006c1600000,0x00000006c162f870,0x00000006cc100000)
 Metaspace       used 19430K, capacity 20702K, committed 20992K, reserved 1067008K
  class space    used 2809K, capacity 3032K, committed 3072K, reserved 1048576K
}
Event: 1.457 GC heap before
{Heap before GC invocations=2 (full 0):
 PSYoungGen      total 76288K, used 20753K [0x000000076b200000, 0x0000000770700000, 0x00000007c0000000)
  eden space 65536K, 15% used [0x000000076b200000,0x000000076bbc4a80,0x000000076f200000)
  from space 10752K, 99% used [0x000000076f200000,0x000000076fc7fba8,0x000000076fc80000)
  to   space 10752K, 0% used [0x000000076fc80000,0x000000076fc80000,0x0000000770700000)
 ParOldGen       total 175104K, used 190K [0x00000006c1600000, 0x00000006cc100000, 0x000000076b200000)
  object space 175104K, 0% used [0x00000006c1600000,0x00000006c162f870,0x00000006cc100000)
 Metaspace       used 19813K, capacity 21128K, committed 21296K, reserved 1067008K
  class space    used 2852K, capacity 3079K, committed 3200K, reserved 1048576K
Event: 1.467 GC heap after
Heap after GC invocations=2 (full 0):
 PSYoungGen      total 76288K, used 10749K [0x000000076b200000, 0x0000000774700000, 0x00000007c0000000)
  eden space 65536K, 0% used [0x000000076b200000,0x000000076b200000,0x000000076f200000)
  from space 10752K, 99% used [0x000000076fc80000,0x00000007706ff5b8,0x0000000770700000)
  to   space 10752K, 0% used [0x000000076f200000,0x000000076f200000,0x000000076fc80000)
 ParOldGen       total 175104K, used 1926K [0x00000006c1600000, 0x00000006cc100000, 0x000000076b200000)
  object space 175104K, 1% used [0x00000006c1600000,0x00000006c17e1870,0x00000006cc100000)
 Metaspace       used 19813K, capacity 21128K, committed 21296K, reserved 1067008K
  class space    used 2852K, capacity 3079K, committed 3200K, reserved 1048576K
}
Event: 1.467 GC heap before
{Heap before GC invocations=3 (full 1):
 PSYoungGen      total 76288K, used 10749K [0x000000076b200000, 0x0000000774700000, 0x00000007c0000000)
  eden space 65536K, 0% used [0x000000076b200000,0x000000076b200000,0x000000076f200000)
  from space 10752K, 99% used [0x000000076fc80000,0x00000007706ff5b8,0x0000000770700000)
  to   space 10752K, 0% used [0x000000076f200000,0x000000076f200000,0x000000076fc80000)
 ParOldGen       total 175104K, used 1926K [0x00000006c1600000, 0x00000006cc100000, 0x000000076b200000)
  object space 175104K, 1% used [0x00000006c1600000,0x00000006c17e1870,0x00000006cc100000)
 Metaspace       used 19813K, capacity 21128K, committed 21296K, reserved 1067008K
  class space    used 2852K, capacity 3079K, committed 3200K, reserved 1048576K
Event: 1.517 GC heap after
Heap after GC invocations=3 (full 1):
 PSYoungGen      total 76288K, used 0K [0x000000076b200000, 0x0000000774700000, 0x00000007c0000000)
  eden space 65536K, 0% used [0x000000076b200000,0x000000076b200000,0x000000076f200000)
  from space 10752K, 0% used [0x000000076fc80000,0x000000076fc80000,0x0000000770700000)
  to   space 10752K, 0% used [0x000000076f200000,0x000000076f200000,0x000000076fc80000)
 ParOldGen       total 113664K, used 12455K [0x00000006c1600000, 0x00000006c8500000, 0x000000076b200000)
  object space 113664K, 10% used [0x00000006c1600000,0x00000006c2229f08,0x00000006c8500000)
 Metaspace       used 19813K, capacity 21128K, committed 21296K, reserved 1067008K
  class space    used 2852K, capacity 3079K, committed 3200K, reserved 1048576K
}

